RTS7	28	Thu Jul 28 14:47:44 +0000 2016	758675312515358720	no better feeling than bringing a state championship back to the	feel bring state championship back
MB227	28	Thu Jul 28 14:47:44 +0000 2016	758675312511156224	why your book needs a book trailer gt lt an effective marketing tool selfpub amwriting	book book trailer gt lt effect market tool selfpub amwrit
MB359	28	Thu Jul 28 14:47:44 +0000 2016	758675312511156224	why your book needs a book trailer gt lt an effective marketing tool selfpub amwriting	book book trailer gt lt effect market tool selfpub amwrit
MB390	28	Thu Jul 28 14:47:45 +0000 2016	758675316671782912	the london session before only available on apple music is now on the d vevo	london session appl music vevo
RTS42	28	Thu Jul 28 14:47:46 +0000 2016	758675320891281408	tim kaine does brutal impersonation of donald trump jv	tim kain brutal imperson donald trump jv
RTS16	28	Thu Jul 28 14:47:46 +0000 2016	758675320874545152	big speech tonight hope hillary can find a way to connect to the american people demsinphilly	big speech tonight hope hillari find connect american peopl demsinphilli
RTS16	28	Thu Jul 28 14:47:47 +0000 2016	758675325085777920	i ve been thinking about the jailbreak and even it s awesome i think that is a big deal about your security	ve think jailbreak awesom big deal secur
MB371	28	Thu Jul 28 14:47:47 +0000 2016	758675325085634560	collecting data from cars for yrs iot cio digitaltransformation h	collect data car yr iot cio digitaltransform
RTS15	28	Thu Jul 28 14:47:48 +0000 2016	758675329288470528	libertarian gary johnson on state of the union full	libertarian gari johnson state union full
RTS37	28	Thu Jul 28 14:47:49 +0000 2016	758675333449035776	british mp deeply concerned over appearance in china propaganda video on south china sea	british mp deepli concern appear china propaganda video south china sea
RTS38	28	Thu Jul 28 14:47:49 +0000 2016	758675333453344768	to celebrate longer video posts on twitter here s a video i ve been waiting to share with you guys	celebr longer video post twitter video ve wait share guy
MB381	28	Thu Jul 28 14:47:50 +0000 2016	758675337656016897	i ve collected gold coins android androidgames gameinsight	ve collect gold coin android androidgam gameinsight
MB227	28	Thu Jul 28 14:47:52 +0000 2016	758675346065620992	government of gujarat along with citizens is working towards mitigating the effects of global warming by increasing gre	govern gujarat citizen work mitig effect global warm increas gre
MB314	28	Thu Jul 28 14:47:52 +0000 2016	758675346044641280	bbw honey drew gets fucked and jizzed	bbw honey drew fuck jizz
MB371	28	Thu Jul 28 14:47:52 +0000 2016	758675346065649664	i assume this isn t a float for your local car carnival	assum isn float local car carniv
RTS40	28	Thu Jul 28 14:47:54 +0000 2016	758675354429030400	emile heskey is trying his hand at a bit of baseball as leicester tour the usa	emil heskey hand bit basebal leicest tour usa
RTS38	28	Thu Jul 28 14:47:55 +0000 2016	758675358631747584	what does the concept of future mean to a woman experiencing domestic abuse a scary and dark place faceherfuture h	concept futur woman experienc domest abus scari dark place faceherfutur
RTS38	28	Thu Jul 28 14:47:58 +0000 2016	758675371214540800	me hitting my friend with pens in science friend stop hitting me its child abuse me no lol its animal abuse hahaahahahhaha	hit friend pen scienc friend stop hit child abus lol anim abus hahaahahahhaha
MB390	28	Thu Jul 28 14:47:58 +0000 2016	758675371231444992	microsoft takes apple to school on quality picture taking as they introduce	microsoft take appl school qualiti pictur take introduc
MB356	28	Thu Jul 28 14:47:59 +0000 2016	758675375396425728	just hit me that it s my senior year	hit senior year
MB380	28	Thu Jul 28 14:47:59 +0000 2016	758675375400419328	real competition is b w nagini vs sathya d p	real competit nagini sathya
MB335	28	Thu Jul 28 14:47:59 +0000 2016	758675375392165888	he s that one girl in ur english class that hates pop music and was born in the wrong generation	girl ur english class hate pop music born wrong gener
MB390	28	Thu Jul 28 14:47:59 +0000 2016	758675375392165888	he s that one girl in ur english class that hates pop music and was born in the wrong generation	girl ur english class hate pop music born wrong gener
RTS3	28	Thu Jul 28 14:48:00 +0000 2016	758675379615784960	bald eagle soaring in sky art print at society posters artprints shoppingonline giftidea nature	bald eagl soar sky art print societi poster artprint shoppingonlin giftidea natur
MB369	28	Thu Jul 28 14:48:00 +0000 2016	758675379611656192	the living legend of pench national park the collared female spotted at sher zodi sitaghat area of the park https	live legend pench nation park collar femal spot sher zodi sitaghat area park http
MB359	28	Thu Jul 28 14:48:00 +0000 2016	758675379603341312	adidas ultraboost uncaged yeezy grey size primeknit	adida ultraboost uncag yeezi grey size primeknit
MB363	28	Thu Jul 28 14:48:02 +0000 2016	758675388004462592	hinkley much better ways to secure electricity supplies dsr could provide x hinkley	hinkley way secur electr suppli dsr provid hinkley
MB390	28	Thu Jul 28 14:48:04 +0000 2016	758675396371951622	i have to listen to music while i get ready for work it s motivation	listen music readi work motiv
RTS3	28	Thu Jul 28 14:48:06 +0000 2016	758675404756365312	that the president is still such a dignified classy man after all he has been subjected to is the ultimate testimony to his	presid dignifi classi man subject ultim testimoni
MB335	28	Thu Jul 28 14:48:08 +0000 2016	758675413161897985	the pain in his neck became unbearable so he pops this year old pimple	pain neck unbear pop year pimpl
MB361	28	Thu Jul 28 14:48:08 +0000 2016	758675413178679296	beautiful women naked having sex nasty adult chat	beauti women nake sex nasti adult chat
MB331	28	Thu Jul 28 14:48:09 +0000 2016	758675417347690496	olympic athletes warned over sponsorship and social media usage at rio as competitors get to the bottom of farcical	olymp athlet warn sponsorship social media usag rio competitor bottom farcic
RTS3	28	Thu Jul 28 14:48:09 +0000 2016	758675417347809280	man walks into a welfare office to pick up a check but he never expected the clerk to say this	man walk welfar offic pick check expect clerk
MB369	28	Thu Jul 28 14:48:10 +0000 2016	758675421558898688	anyone know of a pitch to hire for a few sunday friendlys lined up sheffield sheffieldissuper	pitch hire sunday friendli line sheffield sheffieldissup
MB369	28	Thu Jul 28 14:48:10 +0000 2016	758675421550485504	when you park in a handicap spot and everybody is watching you get out	park handicap spot watch
RTS17	28	Thu Jul 28 14:48:11 +0000 2016	758675425740591104	scottish farms face losing millions in subsidy after brexit	scottish farm face lose million subsidi brexit
MB305	28	Thu Jul 28 14:48:13 +0000 2016	758675434116710403	check out our favorite exhibits from the nation s children s museums aam	check favorit exhibit nation children museum aam
RTS16	28	Thu Jul 28 14:48:14 +0000 2016	758675438319304705	big swangaz and vogues them inches sittin low we ball all that we know	big swangaz vogu inch sittin low ball
RTS3	28	Thu Jul 28 14:48:14 +0000 2016	758675438331887619	just question of time and last details pogba now is really really close to return at man united mufc transfers	question time detail pogba close return man unit mufc transfer
RTS3	28	Thu Jul 28 14:48:15 +0000 2016	758675442505134080	he s a really lovely nice young man he s a very charming courteous amp responsible individual he s wonderful lord r	love nice young man charm courteou amp respons individu wonder lord
RTS3	28	Thu Jul 28 14:49:17 +0000 2016	758675702564528129	never let your man be horney or hungry	man horney hungri
RTS16	28	Thu Jul 28 14:49:17 +0000 2016	758675702581497856	at the after show party for my beloved brother in law rip eric love you always	show parti belov brother law rip eric love
RTS3	28	Thu Jul 28 14:49:18 +0000 2016	758675706750472192	everyday a photo from japan sky tree is much higher than everything else in tokyo	everyday photo japan sky tree higher tokyo
MB369	28	Thu Jul 28 14:49:19 +0000 2016	758675710957514752	i still have a fist gold still has a nose the best line from the finale so far	fist gold nose line final
RTS16	28	Thu Jul 28 14:49:20 +0000 2016	758675715168542720	y all going to big booty judy party	big booti judi parti
MB415	28	Thu Jul 28 14:49:21 +0000 2016	758675719345938432	anyway they re cute as fuck and ik ariana only sees him as a friend i m just emo amp hopeful ok goodbye don t hate me htt	cute fuck ik ariana see friend emo amp hope goodby don hate htt
MB411	28	Thu Jul 28 14:49:21 +0000 2016	758675719325114368	it feels like the end of the world	feel end world
RTS16	28	Thu Jul 28 14:49:21 +0000 2016	758675719362785281	con man drumf hs alienated most women latinos blacks amp immigrants republicans hate him which means hillary wins big	con man drumf hs alien women latino black amp immigr republican hate mean hillari win big
RTS3	28	Thu Jul 28 14:49:21 +0000 2016	758675719362785281	con man drumf hs alienated most women latinos blacks amp immigrants republicans hate him which means hillary wins big	con man drumf hs alien women latino black amp immigr republican hate mean hillari win big
RTS16	28	Thu Jul 28 14:49:22 +0000 2016	758675723552829441	obamaspeech hillary clinton alleged barack obama sold access to big donors now criticizes campaign finance attacks http	obamaspeech hillari clinton alleg barack obama sold access big donor critic campaign financ attack http
RTS3	28	Thu Jul 28 14:49:23 +0000 2016	758675727743148033	what s up man wanna see my bare chest find a link on my page	man wanna bare chest find link page
RTS16	28	Thu Jul 28 14:49:24 +0000 2016	758675731924869120	she built like a pt cruiser wit a sz foot big dusty ass lebrons	built pt cruiser wit sz foot big dusti ass lebron
MB361	28	Thu Jul 28 14:49:24 +0000 2016	758675731937370116	every child deserves a champion an adult who will never give up on them by via c nvey	child deserv champion adult give nvey
MB437	28	Thu Jul 28 14:49:24 +0000 2016	758675731908091905	tn memphis adopt foster rescue sos code red yo pittie hw to be killed fri a pls help him live https	tn memphi adopt foster rescu so code red yo pitti hw kill fri pl live http
MB251	28	Thu Jul 28 14:49:25 +0000 2016	758675736110649346	tb taking reps at training camp nfltrainingcamp	tb take rep train camp nfltrainingcamp
RTS23	28	Thu Jul 28 14:49:29 +0000 2016	758675752883597312	star wars harrison ford george lucas tom jung poster	star war harrison ford georg luca tom jung poster
MB390	28	Thu Jul 28 14:49:29 +0000 2016	758675752892137472	music festival bans all backpacks and bags due to recent terror attacks	music festiv ban backpack bag due recent terror attack
RTS3	28	Thu Jul 28 14:49:30 +0000 2016	758675757077975041	this man creates an actual gun using six coke bottles crazy	man creat actual gun coke bottl crazi
RTS16	28	Thu Jul 28 14:49:33 +0000 2016	758675769690316801	shocking story germany muslim father amp brother of patient attack the doctor with a knife threaten to behead him	shock stori germani muslim father amp brother patient attack doctor knife threaten behead
MB286	28	Thu Jul 28 14:49:36 +0000 2016	758675782260649984	obsessed with listening to high school musical songs	obsess listen high school music song
MB369	28	Thu Jul 28 14:49:36 +0000 2016	758675782243872768	i m bout to cry i just wanna park	bout cri wanna park
MB407	28	Thu Jul 28 14:49:37 +0000 2016	758675786463256578	kelly rohrbach flashes her sunburned bum after tanning session on santa monica beach	kelli rohrbach flash sunburn bum tan session santa monica beach
MB369	28	Thu Jul 28 14:49:38 +0000 2016	758675790661902336	missing suzanne crockett her car was found at drumpellier park yesterday family extremely concerned	miss suzann crockett car found drumpelli park yesterday famili extrem concern
MB371	28	Thu Jul 28 14:49:38 +0000 2016	758675790661902336	missing suzanne crockett her car was found at drumpellier park yesterday family extremely concerned	miss suzann crockett car found drumpelli park yesterday famili extrem concern
MB437	28	Thu Jul 28 14:49:38 +0000 2016	758675790645039104	maggie a might be killed today please rt pledge foster adopt nyc cats	maggi kill today rt pledg foster adopt nyc cat
RTS45	28	Thu Jul 28 14:49:39 +0000 2016	758675794830864385	breaking hillary clinton will flip on tpp says top democrat	break hillari clinton flip tpp top democrat
MB361	28	Thu Jul 28 14:49:40 +0000 2016	758675799046107136	happy camp happy camp secret garden via dreamjessi	happi camp happi camp secret garden dreamjessi
MB394	28	Thu Jul 28 14:49:40 +0000 2016	758675799050444800	the numbers on the pay gap do a poor job of accounting for the cultural biases that can shape a woman s career	number pay gap poor job account cultur bias shape woman career
MB251	28	Thu Jul 28 14:49:40 +0000 2016	758675799050424320	first day of atlanta falcons training camp begins today	day atlanta falcon train camp begin today
MB359	28	Thu Jul 28 14:49:41 +0000 2016	758675803211194368	i get asked a lot what i m reading i love reading books of faith and books on leadership here is something i	ask lot read love read book faith book leadership
MB411	28	Thu Jul 28 14:49:43 +0000 2016	758675811637534720	sports player have been caught using doping in all sports in the world since russians turkish rest of the world	sport player caught dope sport world russian turkish rest world
RTS37	28	Thu Jul 28 14:49:43 +0000 2016	758675811637534720	sports player have been caught using doping in all sports in the world since russians turkish rest of the world	sport player caught dope sport world russian turkish rest world
MB227	28	Thu Jul 28 14:49:43 +0000 2016	758675811629015040	welcome scientist smurf to your smurfsvillage to concoct magical potions with mysterious effects	scientist smurf smurfsvillag concoct magic potion mysteri effect
RTS42	28	Thu Jul 28 14:49:44 +0000 2016	758675815802470400	potus tim kaine is weak he looks weak he sounds weak trump would eat him alive in a one on one debate	potu tim kain weak weak sound weak trump eat aliv debat
RTS45	28	Thu Jul 28 14:49:45 +0000 2016	758675820013432838	why s the dnc so much more uplifting than the rnc because the gop wants freedom for themselves and democrats want freed	dnc uplift rnc gop freedom democrat freed
MB380	28	Thu Jul 28 14:49:45 +0000 2016	758675820000993280	hope you all had a great weekend don t forget about our competition camping fishing giveaway prize win	hope great weekend don forget competit camp fish giveaway prize win
MB380	28	Thu Jul 28 14:49:46 +0000 2016	758675824216252416	to win a pair of meet amp greet tickets for at this years youthbeatz competition	win pair meet amp greet ticket year youthbeatz competit
MB335	28	Thu Jul 28 14:49:49 +0000 2016	758675836794830848	didnt even pop a molly	didnt pop molli
RTS8	28	Thu Jul 28 14:49:51 +0000 2016	758675845187825664	owen smith launches labour s futuristic new tax policies	owen smith launch labour futurist tax polici
MB227	28	Thu Jul 28 14:49:52 +0000 2016	758675849356902400	after claims there would be no effect to the economy the sterling has fallen and the construction industry suffering	claim effect economi sterl fallen construct industri suffer
RTS16	28	Thu Jul 28 14:49:53 +0000 2016	758675853547073536	if anyone can understand how aaron hernandez went from stardom to prison it s his brother	understand aaron hernandez stardom prison brother
MB371	28	Thu Jul 28 14:49:53 +0000 2016	758675853580656640	from a cloud specialist to the customer selling cloud is not like selling cars cloudblogs cloud	cloud specialist custom sell cloud sell car cloudblog cloud
MB332	28	Thu Jul 28 14:49:54 +0000 2016	758675857745514496	bruh call me in minutes and act like it s an emergency so i can leave	bruh call minut act emerg leav
MB359	28	Thu Jul 28 14:49:55 +0000 2016	758675861952311296	lately i ve been feeling grey but today i m alright no thanks to you	ve feel grey today alright
MB331	28	Thu Jul 28 14:49:56 +0000 2016	758675866155003908	gymnastics should be renamed extreme tripping olympics	gymnast renam extrem trip olymp
MB369	28	Thu Jul 28 14:49:57 +0000 2016	758675870320037888	brandon marshall puts his porsche on the line in a season long bet with ab your move	brandon marshal put porsch line season long bet ab move
MB390	28	Thu Jul 28 14:50:01 +0000 2016	758675887130808320	in madly in love with music	madli love music
MB227	28	Thu Jul 28 14:50:01 +0000 2016	758675887105662976	if you think women are the weaker sex try pulling the blankets back to your side	women weaker sex pull blanket back side
MB335	28	Thu Jul 28 14:50:02 +0000 2016	758675891329310720	why do the girls get so many more i know it s similar in other stores but they still need shoes	girl similar store shoe
MB411	28	Thu Jul 28 14:50:02 +0000 2016	758675891299975168	pat hotsmart plates the first ones in the world that keep food hot	pat hotsmart plate world food hot
